<?xml version="1.0" encoding="UTF-8"?>
<testng-results skipped="0" failed="0" total="1" passed="1">
  <reporter-output>
  </reporter-output>
  <suite name="Default suite" duration-ms="71917" started-at="2019-06-08T23:27:53Z" finished-at="2019-06-08T23:29:05Z">
    <groups>
    </groups>
    <test name="Default test" duration-ms="71917" started-at="2019-06-08T23:27:53Z" finished-at="2019-06-08T23:29:05Z">
      <class name="NewTest">
        <test-method status="PASS" signature="beforeClass()[pri:0, instance:NewTest@4b9e13df]" name="beforeClass" is-config="true" duration-ms="32515" started-at="2019-06-09T00:27:53Z" finished-at="2019-06-09T00:28:25Z">
          <reporter-output>
          </reporter-output>
        </test-method> <!-- beforeClass -->
        <test-method status="PASS" signature="openMyBlog()[pri:0, instance:NewTest@4b9e13df]" name="openMyBlog" duration-ms="23823" started-at="2019-06-09T00:28:25Z" finished-at="2019-06-09T00:28:49Z">
          <reporter-output>
          </reporter-output>
        </test-method> <!-- openMyBlog -->
        <test-method status="PASS" signature="afterClass()[pri:0, instance:NewTest@4b9e13df]" name="afterClass" is-config="true" duration-ms="15523" started-at="2019-06-09T00:28:49Z" finished-at="2019-06-09T00:29:05Z">
          <reporter-output>
          </reporter-output>
        </test-method> <!-- afterClass -->
      </class> <!-- NewTest -->
    </test> <!-- Default test -->
  </suite> <!-- Default suite -->
</testng-results>
